{"/home/rob/Desktop/github/Photo-Amoenus/lib/app.js": {"path":"/home/rob/Desktop/github/Photo-Amoenus/lib/app.js","statementMap":{"0":{"start":{"line":1,"column":16},"end":{"line":1,"column":34}},"1":{"start":{"line":2,"column":12},"end":{"line":2,"column":21}},"2":{"start":{"line":3,"column":19},"end":{"line":3,"column":41}},"3":{"start":{"line":4,"column":17},"end":{"line":4,"column":36}},"4":{"start":{"line":5,"column":15},"end":{"line":5,"column":32}},"5":{"start":{"line":7,"column":0},"end":{"line":7,"column":23}},"6":{"start":{"line":8,"column":0},"end":{"line":8,"column":35}},"7":{"start":{"line":9,"column":0},"end":{"line":9,"column":24}},"8":{"start":{"line":10,"column":0},"end":{"line":10,"column":46}},"9":{"start":{"line":12,"column":0},"end":{"line":17,"column":2}},"10":{"start":{"line":18,"column":0},"end":{"line":18,"column":34}},"11":{"start":{"line":22,"column":0},"end":{"line":30,"column":3}},"12":{"start":{"line":23,"column":4},"end":{"line":23,"column":51}},"13":{"start":{"line":24,"column":4},"end":{"line":24,"column":112}},"14":{"start":{"line":25,"column":4},"end":{"line":28,"column":5}},"15":{"start":{"line":26,"column":6},"end":{"line":26,"column":82}},"16":{"start":{"line":27,"column":6},"end":{"line":27,"column":38}},"17":{"start":{"line":29,"column":4},"end":{"line":29,"column":11}},"18":{"start":{"line":45,"column":23},"end":{"line":45,"column":45}},"19":{"start":{"line":47,"column":0},"end":{"line":47,"column":39}},"20":{"start":{"line":48,"column":0},"end":{"line":48,"column":38}},"21":{"start":{"line":50,"column":25},"end":{"line":50,"column":47}},"22":{"start":{"line":51,"column":0},"end":{"line":51,"column":40}},"23":{"start":{"line":53,"column":19},"end":{"line":53,"column":47}},"24":{"start":{"line":54,"column":0},"end":{"line":54,"column":29}},"25":{"start":{"line":60,"column":0},"end":{"line":64,"column":3}},"26":{"start":{"line":61,"column":18},"end":{"line":61,"column":44}},"27":{"start":{"line":62,"column":4},"end":{"line":62,"column":23}},"28":{"start":{"line":63,"column":4},"end":{"line":63,"column":16}},"29":{"start":{"line":66,"column":0},"end":{"line":73,"column":3}},"30":{"start":{"line":67,"column":4},"end":{"line":67,"column":36}},"31":{"start":{"line":68,"column":4},"end":{"line":72,"column":7}},"32":{"start":{"line":76,"column":0},"end":{"line":76,"column":21}}},"fnMap":{"0":{"name":"(anonymous_0)","decl":{"start":{"line":22,"column":8},"end":{"line":22,"column":9}},"loc":{"start":{"line":22,"column":28},"end":{"line":30,"column":1}},"line":22},"1":{"name":"(anonymous_1)","decl":{"start":{"line":60,"column":8},"end":{"line":60,"column":9}},"loc":{"start":{"line":60,"column":28},"end":{"line":64,"column":1}},"line":60},"2":{"name":"(anonymous_2)","decl":{"start":{"line":66,"column":8},"end":{"line":66,"column":9}},"loc":{"start":{"line":66,"column":35},"end":{"line":73,"column":1}},"line":66}},"branchMap":{"0":{"loc":{"start":{"line":25,"column":4},"end":{"line":28,"column":5}},"type":"if","locations":[{"start":{"line":25,"column":4},"end":{"line":28,"column":5}},{"start":{"line":25,"column":4},"end":{"line":28,"column":5}}],"line":25},"1":{"loc":{"start":{"line":67,"column":15},"end":{"line":67,"column":34}},"type":"binary-expr","locations":[{"start":{"line":67,"column":15},"end":{"line":67,"column":27}},{"start":{"line":67,"column":31},"end":{"line":67,"column":34}}],"line":67}},"s":{"0":1,"1":1,"2":1,"3":1,"4":1,"5":1,"6":1,"7":1,"8":1,"9":1,"10":1,"11":1,"12":2,"13":2,"14":2,"15":0,"16":0,"17":2,"18":1,"19":1,"20":1,"21":1,"22":1,"23":1,"24":1,"25":1,"26":0,"27":0,"28":0,"29":1,"30":0,"31":0,"32":1},"f":{"0":2,"1":0,"2":0},"b":{"0":[0,2],"1":[0,0]},"_coverageSchema":"1a1c01bbd47fc00a2c39e90264f33305004495a9","hash":"97f5adf23dc32e0bfc0b37086c04c52f41ee62c9"}
,"/home/rob/Desktop/github/Photo-Amoenus/lib/favourite.js": {"path":"/home/rob/Desktop/github/Photo-Amoenus/lib/favourite.js","statementMap":{"0":{"start":{"line":1,"column":16},"end":{"line":1,"column":34}},"1":{"start":{"line":2,"column":15},"end":{"line":2,"column":31}},"2":{"start":{"line":3,"column":17},"end":{"line":3,"column":36}},"3":{"start":{"line":5,"column":19},"end":{"line":5,"column":54}},"4":{"start":{"line":6,"column":13},"end":{"line":6,"column":43}},"5":{"start":{"line":11,"column":0},"end":{"line":30,"column":3}},"6":{"start":{"line":12,"column":4},"end":{"line":29,"column":11}},"7":{"start":{"line":16,"column":12},"end":{"line":21,"column":13}},"8":{"start":{"line":17,"column":16},"end":{"line":17,"column":60}},"9":{"start":{"line":18,"column":16},"end":{"line":20,"column":19}},"10":{"start":{"line":22,"column":12},"end":{"line":22,"column":39}},"11":{"start":{"line":25,"column":12},"end":{"line":25,"column":29}},"12":{"start":{"line":26,"column":12},"end":{"line":28,"column":15}},"13":{"start":{"line":35,"column":0},"end":{"line":56,"column":3}},"14":{"start":{"line":36,"column":13},"end":{"line":36,"column":26}},"15":{"start":{"line":37,"column":4},"end":{"line":55,"column":11}},"16":{"start":{"line":41,"column":12},"end":{"line":48,"column":13}},"17":{"start":{"line":42,"column":16},"end":{"line":42,"column":76}},"18":{"start":{"line":43,"column":16},"end":{"line":45,"column":19}},"19":{"start":{"line":47,"column":16},"end":{"line":47,"column":43}},"20":{"start":{"line":51,"column":12},"end":{"line":51,"column":29}},"21":{"start":{"line":52,"column":12},"end":{"line":54,"column":15}},"22":{"start":{"line":59,"column":0},"end":{"line":133,"column":3}},"23":{"start":{"line":60,"column":13},"end":{"line":60,"column":26}},"24":{"start":{"line":61,"column":4},"end":{"line":61,"column":26}},"25":{"start":{"line":62,"column":4},"end":{"line":66,"column":5}},"26":{"start":{"line":63,"column":8},"end":{"line":65,"column":11}},"27":{"start":{"line":106,"column":22},"end":{"line":109,"column":6}},"28":{"start":{"line":111,"column":4},"end":{"line":132,"column":11}},"29":{"start":{"line":114,"column":12},"end":{"line":114,"column":32}},"30":{"start":{"line":115,"column":12},"end":{"line":125,"column":15}},"31":{"start":{"line":128,"column":12},"end":{"line":128,"column":29}},"32":{"start":{"line":129,"column":12},"end":{"line":131,"column":15}},"33":{"start":{"line":139,"column":0},"end":{"line":152,"column":3}},"34":{"start":{"line":140,"column":4},"end":{"line":151,"column":11}},"35":{"start":{"line":143,"column":12},"end":{"line":143,"column":32}},"36":{"start":{"line":144,"column":12},"end":{"line":144,"column":41}},"37":{"start":{"line":147,"column":12},"end":{"line":147,"column":29}},"38":{"start":{"line":148,"column":12},"end":{"line":150,"column":15}},"39":{"start":{"line":157,"column":0},"end":{"line":170,"column":3}},"40":{"start":{"line":158,"column":4},"end":{"line":169,"column":11}},"41":{"start":{"line":161,"column":12},"end":{"line":161,"column":32}},"42":{"start":{"line":162,"column":12},"end":{"line":162,"column":41}},"43":{"start":{"line":165,"column":12},"end":{"line":165,"column":29}},"44":{"start":{"line":166,"column":12},"end":{"line":168,"column":15}},"45":{"start":{"line":176,"column":0},"end":{"line":190,"column":3}},"46":{"start":{"line":177,"column":4},"end":{"line":189,"column":11}},"47":{"start":{"line":180,"column":12},"end":{"line":182,"column":15}},"48":{"start":{"line":185,"column":12},"end":{"line":185,"column":29}},"49":{"start":{"line":186,"column":12},"end":{"line":188,"column":15}},"50":{"start":{"line":193,"column":0},"end":{"line":193,"column":24}}},"fnMap":{"0":{"name":"(anonymous_0)","decl":{"start":{"line":11,"column":16},"end":{"line":11,"column":17}},"loc":{"start":{"line":11,"column":30},"end":{"line":30,"column":1}},"line":11},"1":{"name":"(anonymous_1)","decl":{"start":{"line":15,"column":14},"end":{"line":15,"column":15}},"loc":{"start":{"line":15,"column":22},"end":{"line":23,"column":9}},"line":15},"2":{"name":"(anonymous_2)","decl":{"start":{"line":24,"column":15},"end":{"line":24,"column":16}},"loc":{"start":{"line":24,"column":22},"end":{"line":29,"column":9}},"line":24},"3":{"name":"(anonymous_3)","decl":{"start":{"line":35,"column":19},"end":{"line":35,"column":20}},"loc":{"start":{"line":35,"column":33},"end":{"line":56,"column":1}},"line":35},"4":{"name":"(anonymous_4)","decl":{"start":{"line":40,"column":14},"end":{"line":40,"column":15}},"loc":{"start":{"line":40,"column":22},"end":{"line":49,"column":9}},"line":40},"5":{"name":"(anonymous_5)","decl":{"start":{"line":50,"column":15},"end":{"line":50,"column":16}},"loc":{"start":{"line":50,"column":22},"end":{"line":55,"column":9}},"line":50},"6":{"name":"(anonymous_6)","decl":{"start":{"line":59,"column":20},"end":{"line":59,"column":21}},"loc":{"start":{"line":59,"column":40},"end":{"line":133,"column":1}},"line":59},"7":{"name":"(anonymous_7)","decl":{"start":{"line":113,"column":14},"end":{"line":113,"column":15}},"loc":{"start":{"line":113,"column":24},"end":{"line":126,"column":9}},"line":113},"8":{"name":"(anonymous_8)","decl":{"start":{"line":127,"column":15},"end":{"line":127,"column":16}},"loc":{"start":{"line":127,"column":22},"end":{"line":132,"column":9}},"line":127},"9":{"name":"(anonymous_9)","decl":{"start":{"line":139,"column":21},"end":{"line":139,"column":22}},"loc":{"start":{"line":139,"column":35},"end":{"line":152,"column":1}},"line":139},"10":{"name":"(anonymous_10)","decl":{"start":{"line":142,"column":14},"end":{"line":142,"column":15}},"loc":{"start":{"line":142,"column":24},"end":{"line":145,"column":9}},"line":142},"11":{"name":"(anonymous_11)","decl":{"start":{"line":146,"column":15},"end":{"line":146,"column":16}},"loc":{"start":{"line":146,"column":22},"end":{"line":151,"column":9}},"line":146},"12":{"name":"(anonymous_12)","decl":{"start":{"line":157,"column":21},"end":{"line":157,"column":22}},"loc":{"start":{"line":157,"column":35},"end":{"line":170,"column":1}},"line":157},"13":{"name":"(anonymous_13)","decl":{"start":{"line":160,"column":14},"end":{"line":160,"column":15}},"loc":{"start":{"line":160,"column":24},"end":{"line":163,"column":9}},"line":160},"14":{"name":"(anonymous_14)","decl":{"start":{"line":164,"column":15},"end":{"line":164,"column":16}},"loc":{"start":{"line":164,"column":22},"end":{"line":169,"column":9}},"line":164},"15":{"name":"(anonymous_15)","decl":{"start":{"line":176,"column":22},"end":{"line":176,"column":23}},"loc":{"start":{"line":176,"column":36},"end":{"line":190,"column":1}},"line":176},"16":{"name":"(anonymous_16)","decl":{"start":{"line":179,"column":14},"end":{"line":179,"column":15}},"loc":{"start":{"line":179,"column":24},"end":{"line":183,"column":9}},"line":179},"17":{"name":"(anonymous_17)","decl":{"start":{"line":184,"column":15},"end":{"line":184,"column":16}},"loc":{"start":{"line":184,"column":22},"end":{"line":189,"column":9}},"line":184}},"branchMap":{"0":{"loc":{"start":{"line":16,"column":12},"end":{"line":21,"column":13}},"type":"if","locations":[{"start":{"line":16,"column":12},"end":{"line":21,"column":13}},{"start":{"line":16,"column":12},"end":{"line":21,"column":13}}],"line":16},"1":{"loc":{"start":{"line":41,"column":12},"end":{"line":48,"column":13}},"type":"if","locations":[{"start":{"line":41,"column":12},"end":{"line":48,"column":13}},{"start":{"line":41,"column":12},"end":{"line":48,"column":13}}],"line":41},"2":{"loc":{"start":{"line":62,"column":4},"end":{"line":66,"column":5}},"type":"if","locations":[{"start":{"line":62,"column":4},"end":{"line":66,"column":5}},{"start":{"line":62,"column":4},"end":{"line":66,"column":5}}],"line":62}},"s":{"0":1,"1":1,"2":1,"3":1,"4":1,"5":1,"6":2,"7":0,"8":0,"9":0,"10":0,"11":0,"12":0,"13":1,"14":0,"15":0,"16":0,"17":0,"18":0,"19":0,"20":0,"21":0,"22":1,"23":0,"24":0,"25":0,"26":0,"27":0,"28":0,"29":0,"30":0,"31":0,"32":0,"33":1,"34":0,"35":0,"36":0,"37":0,"38":0,"39":1,"40":0,"41":0,"42":0,"43":0,"44":0,"45":1,"46":0,"47":0,"48":0,"49":0,"50":1},"f":{"0":2,"1":0,"2":0,"3":0,"4":0,"5":0,"6":0,"7":0,"8":0,"9":0,"10":0,"11":0,"12":0,"13":0,"14":0,"15":0,"16":0,"17":0},"b":{"0":[0,0],"1":[0,0],"2":[0,0]},"_coverageSchema":"1a1c01bbd47fc00a2c39e90264f33305004495a9","hash":"7b35c31d664048342f772a25f883b55bc25f311e"}
,"/home/rob/Desktop/github/Photo-Amoenus/lib/registration.js": {"path":"/home/rob/Desktop/github/Photo-Amoenus/lib/registration.js","statementMap":{"0":{"start":{"line":1,"column":16},"end":{"line":1,"column":34}},"1":{"start":{"line":2,"column":15},"end":{"line":2,"column":31}},"2":{"start":{"line":3,"column":17},"end":{"line":3,"column":36}},"3":{"start":{"line":4,"column":17},"end":{"line":4,"column":36}},"4":{"start":{"line":5,"column":12},"end":{"line":5,"column":35}},"5":{"start":{"line":8,"column":13},"end":{"line":8,"column":43}},"6":{"start":{"line":11,"column":0},"end":{"line":31,"column":3}},"7":{"start":{"line":12,"column":4},"end":{"line":30,"column":11}},"8":{"start":{"line":15,"column":12},"end":{"line":20,"column":13}},"9":{"start":{"line":16,"column":16},"end":{"line":16,"column":59}},"10":{"start":{"line":17,"column":16},"end":{"line":19,"column":19}},"11":{"start":{"line":21,"column":12},"end":{"line":23,"column":15}},"12":{"start":{"line":26,"column":12},"end":{"line":26,"column":29}},"13":{"start":{"line":27,"column":12},"end":{"line":29,"column":15}},"14":{"start":{"line":33,"column":0},"end":{"line":73,"column":3}},"15":{"start":{"line":34,"column":4},"end":{"line":72,"column":11}},"16":{"start":{"line":37,"column":12},"end":{"line":71,"column":13}},"17":{"start":{"line":38,"column":16},"end":{"line":40,"column":19}},"18":{"start":{"line":42,"column":16},"end":{"line":69,"column":19}},"19":{"start":{"line":43,"column":20},"end":{"line":68,"column":21}},"20":{"start":{"line":44,"column":24},"end":{"line":46,"column":27}},"21":{"start":{"line":48,"column":37},"end":{"line":53,"column":26}},"22":{"start":{"line":54,"column":24},"end":{"line":67,"column":31}},"23":{"start":{"line":57,"column":32},"end":{"line":57,"column":52}},"24":{"start":{"line":58,"column":32},"end":{"line":60,"column":35}},"25":{"start":{"line":63,"column":32},"end":{"line":63,"column":49}},"26":{"start":{"line":64,"column":32},"end":{"line":66,"column":35}},"27":{"start":{"line":75,"column":0},"end":{"line":78,"column":2}},"28":{"start":{"line":76,"column":4},"end":{"line":76,"column":22}},"29":{"start":{"line":77,"column":4},"end":{"line":77,"column":21}},"30":{"start":{"line":80,"column":16},"end":{"line":80,"column":24}},"31":{"start":{"line":82,"column":0},"end":{"line":124,"column":3}},"32":{"start":{"line":83,"column":4},"end":{"line":123,"column":11}},"33":{"start":{"line":86,"column":12},"end":{"line":90,"column":13}},"34":{"start":{"line":87,"column":16},"end":{"line":89,"column":19}},"35":{"start":{"line":91,"column":12},"end":{"line":116,"column":15}},"36":{"start":{"line":92,"column":16},"end":{"line":96,"column":17}},"37":{"start":{"line":93,"column":20},"end":{"line":95,"column":23}},"38":{"start":{"line":97,"column":16},"end":{"line":112,"column":17}},"39":{"start":{"line":98,"column":34},"end":{"line":107,"column":21}},"40":{"start":{"line":108,"column":20},"end":{"line":111,"column":23}},"41":{"start":{"line":113,"column":16},"end":{"line":115,"column":19}},"42":{"start":{"line":119,"column":12},"end":{"line":119,"column":29}},"43":{"start":{"line":120,"column":12},"end":{"line":122,"column":15}},"44":{"start":{"line":126,"column":0},"end":{"line":140,"column":3}},"45":{"start":{"line":127,"column":4},"end":{"line":139,"column":11}},"46":{"start":{"line":130,"column":12},"end":{"line":132,"column":15}},"47":{"start":{"line":135,"column":12},"end":{"line":135,"column":29}},"48":{"start":{"line":136,"column":12},"end":{"line":138,"column":15}},"49":{"start":{"line":142,"column":0},"end":{"line":142,"column":24}}},"fnMap":{"0":{"name":"(anonymous_0)","decl":{"start":{"line":11,"column":16},"end":{"line":11,"column":17}},"loc":{"start":{"line":11,"column":30},"end":{"line":31,"column":1}},"line":11},"1":{"name":"(anonymous_1)","decl":{"start":{"line":14,"column":14},"end":{"line":14,"column":15}},"loc":{"start":{"line":14,"column":22},"end":{"line":24,"column":9}},"line":14},"2":{"name":"(anonymous_2)","decl":{"start":{"line":25,"column":15},"end":{"line":25,"column":16}},"loc":{"start":{"line":25,"column":22},"end":{"line":30,"column":9}},"line":25},"3":{"name":"(anonymous_3)","decl":{"start":{"line":33,"column":23},"end":{"line":33,"column":24}},"loc":{"start":{"line":33,"column":43},"end":{"line":73,"column":1}},"line":33},"4":{"name":"(anonymous_4)","decl":{"start":{"line":36,"column":14},"end":{"line":36,"column":15}},"loc":{"start":{"line":36,"column":22},"end":{"line":72,"column":9}},"line":36},"5":{"name":"(anonymous_5)","decl":{"start":{"line":42,"column":51},"end":{"line":42,"column":52}},"loc":{"start":{"line":42,"column":66},"end":{"line":69,"column":17}},"line":42},"6":{"name":"(anonymous_6)","decl":{"start":{"line":56,"column":34},"end":{"line":56,"column":35}},"loc":{"start":{"line":56,"column":44},"end":{"line":61,"column":29}},"line":56},"7":{"name":"(anonymous_7)","decl":{"start":{"line":62,"column":35},"end":{"line":62,"column":36}},"loc":{"start":{"line":62,"column":42},"end":{"line":67,"column":29}},"line":62},"8":{"name":"(anonymous_8)","decl":{"start":{"line":75,"column":22},"end":{"line":75,"column":23}},"loc":{"start":{"line":75,"column":42},"end":{"line":78,"column":1}},"line":75},"9":{"name":"(anonymous_9)","decl":{"start":{"line":82,"column":22},"end":{"line":82,"column":23}},"loc":{"start":{"line":82,"column":42},"end":{"line":124,"column":1}},"line":82},"10":{"name":"(anonymous_10)","decl":{"start":{"line":85,"column":14},"end":{"line":85,"column":15}},"loc":{"start":{"line":85,"column":22},"end":{"line":117,"column":9}},"line":85},"11":{"name":"(anonymous_11)","decl":{"start":{"line":91,"column":66},"end":{"line":91,"column":67}},"loc":{"start":{"line":91,"column":83},"end":{"line":116,"column":13}},"line":91},"12":{"name":"(anonymous_12)","decl":{"start":{"line":118,"column":15},"end":{"line":118,"column":16}},"loc":{"start":{"line":118,"column":22},"end":{"line":123,"column":9}},"line":118},"13":{"name":"(anonymous_13)","decl":{"start":{"line":126,"column":23},"end":{"line":126,"column":24}},"loc":{"start":{"line":126,"column":43},"end":{"line":140,"column":1}},"line":126},"14":{"name":"(anonymous_14)","decl":{"start":{"line":129,"column":14},"end":{"line":129,"column":15}},"loc":{"start":{"line":129,"column":24},"end":{"line":133,"column":9}},"line":129},"15":{"name":"(anonymous_15)","decl":{"start":{"line":134,"column":15},"end":{"line":134,"column":16}},"loc":{"start":{"line":134,"column":22},"end":{"line":139,"column":9}},"line":134}},"branchMap":{"0":{"loc":{"start":{"line":15,"column":12},"end":{"line":20,"column":13}},"type":"if","locations":[{"start":{"line":15,"column":12},"end":{"line":20,"column":13}},{"start":{"line":15,"column":12},"end":{"line":20,"column":13}}],"line":15},"1":{"loc":{"start":{"line":37,"column":12},"end":{"line":71,"column":13}},"type":"if","locations":[{"start":{"line":37,"column":12},"end":{"line":71,"column":13}},{"start":{"line":37,"column":12},"end":{"line":71,"column":13}}],"line":37},"2":{"loc":{"start":{"line":43,"column":20},"end":{"line":68,"column":21}},"type":"if","locations":[{"start":{"line":43,"column":20},"end":{"line":68,"column":21}},{"start":{"line":43,"column":20},"end":{"line":68,"column":21}}],"line":43},"3":{"loc":{"start":{"line":86,"column":12},"end":{"line":90,"column":13}},"type":"if","locations":[{"start":{"line":86,"column":12},"end":{"line":90,"column":13}},{"start":{"line":86,"column":12},"end":{"line":90,"column":13}}],"line":86},"4":{"loc":{"start":{"line":92,"column":16},"end":{"line":96,"column":17}},"type":"if","locations":[{"start":{"line":92,"column":16},"end":{"line":96,"column":17}},{"start":{"line":92,"column":16},"end":{"line":96,"column":17}}],"line":92},"5":{"loc":{"start":{"line":97,"column":16},"end":{"line":112,"column":17}},"type":"if","locations":[{"start":{"line":97,"column":16},"end":{"line":112,"column":17}},{"start":{"line":97,"column":16},"end":{"line":112,"column":17}}],"line":97}},"s":{"0":1,"1":1,"2":1,"3":1,"4":1,"5":1,"6":1,"7":0,"8":0,"9":0,"10":0,"11":0,"12":0,"13":0,"14":1,"15":0,"16":0,"17":0,"18":0,"19":0,"20":0,"21":0,"22":0,"23":0,"24":0,"25":0,"26":0,"27":1,"28":0,"29":0,"30":1,"31":1,"32":0,"33":0,"34":0,"35":0,"36":0,"37":0,"38":0,"39":0,"40":0,"41":0,"42":0,"43":0,"44":1,"45":0,"46":0,"47":0,"48":0,"49":1},"f":{"0":0,"1":0,"2":0,"3":0,"4":0,"5":0,"6":0,"7":0,"8":0,"9":0,"10":0,"11":0,"12":0,"13":0,"14":0,"15":0},"b":{"0":[0,0],"1":[0,0],"2":[0,0],"3":[0,0],"4":[0,0],"5":[0,0]},"_coverageSchema":"1a1c01bbd47fc00a2c39e90264f33305004495a9","hash":"fad05cea42d88c40f5883de56b4f6b660820f6c3"}
,"/home/rob/Desktop/github/Photo-Amoenus/lib/models/favouriteScheme.js": {"path":"/home/rob/Desktop/github/Photo-Amoenus/lib/models/favouriteScheme.js","statementMap":{"0":{"start":{"line":3,"column":17},"end":{"line":3,"column":36}},"1":{"start":{"line":5,"column":24},"end":{"line":8,"column":2}},"2":{"start":{"line":10,"column":0},"end":{"line":10,"column":63}}},"fnMap":{},"branchMap":{},"s":{"0":1,"1":1,"2":1},"f":{},"b":{},"_coverageSchema":"1a1c01bbd47fc00a2c39e90264f33305004495a9","hash":"a9c02cb26c0a2f6998d1b53b4646310733ecbbb2"}
,"/home/rob/Desktop/github/Photo-Amoenus/lib/models/userScheme.js": {"path":"/home/rob/Desktop/github/Photo-Amoenus/lib/models/userScheme.js","statementMap":{"0":{"start":{"line":3,"column":17},"end":{"line":3,"column":36}},"1":{"start":{"line":5,"column":19},"end":{"line":14,"column":2}},"2":{"start":{"line":16,"column":0},"end":{"line":16,"column":52}}},"fnMap":{},"branchMap":{},"s":{"0":1,"1":1,"2":1},"f":{},"b":{},"_coverageSchema":"1a1c01bbd47fc00a2c39e90264f33305004495a9","hash":"39c51c23abb4b299e83c0409cdedf0aa72177cd9"}
}
